<?xml version="1.0" encoding="UTF-8"?>
<!-- Generated by org.testng.reporters.JUnitXMLReporter -->
<testsuite ignored="3" hostname="DESKTOP-FUM5F8L" failures="0" tests="1" name="Default test" time="162.095" errors="0" timestamp="08 Jan 2026 10:59:00 GMT">
  <testcase classname="com.comcast.crm.orgtest.POMCreateOrganizationTest" name="CreateOrgWithIndustry" time="152.799"/>
  <testcase classname="com.comcast.crm.orgtest.POMCreateOrganizationTest" name="CreateOrganizationWithPhoneNumber" time="0.0">
    <ignored/>
  </testcase> <!-- CreateOrganizationWithPhoneNumber -->
  <testcase classname="com.comcast.crm.orgtest.POMCreateOrganizationTest" name="createOrg" time="0.0">
    <ignored/>
  </testcase> <!-- createOrg -->
  <testcase classname="com.comcast.crm.orgtest.POMCreateOrganizationTest" name="deleteCreateOrganizationTest" time="0.0">
    <ignored/>
  </testcase> <!-- deleteCreateOrganizationTest -->
</testsuite> <!-- Default test -->
