<?xml version="1.0" encoding="UTF-8"?>
<!-- Generated by org.testng.reporters.JUnitXMLReporter -->
<testsuite ignored="0" hostname="DESKTOP-FUM5F8L" failures="0" tests="4" name="Test" time="37.391" errors="0" timestamp="08 Jan 2026 10:53:04 GMT">
  <testcase classname="com.comcast.crm.orgtest.POMCreateOrganizationTest" name="CreateOrgWithIndustry" time="7.677"/>
  <testcase classname="com.comcast.crm.orgtest.POMCreateOrganizationTest" name="CreateOrganizationWithPhoneNumber" time="6.937"/>
  <testcase classname="com.comcast.crm.orgtest.POMCreateOrganizationTest" name="createOrg" time="6.164"/>
  <testcase classname="com.comcast.crm.orgtest.POMCreateOrganizationTest" name="deleteCreateOrganizationTest" time="10.258"/>
</testsuite> <!-- Test -->
