<?xml version="1.0" encoding="UTF-8"?>
<!-- Generated by org.testng.reporters.JUnitReportReporter -->
<testsuite hostname="DESKTOP-FUM5F8L" failures="0" tests="3" name="Practice.AmazonProductInfoTest" time="20.005" errors="0" timestamp="26 Dec 2025 11:18:47 GMT" skipped="0">
  <testcase classname="Practice.AmazonProductInfoTest" name="productinfo" time="6.535"/>
  <testcase classname="Practice.AmazonProductInfoTest" name="productinfo" time="6.765"/>
  <testcase classname="Practice.AmazonProductInfoTest" name="productinfo" time="6.705"/>
</testsuite> <!-- Practice.AmazonProductInfoTest -->
