<?xml version="1.0" encoding="UTF-8"?>
<testng-results ignored="3" total="4" passed="1" failed="0" skipped="0">
  <reporter-output>
  </reporter-output>
  <suite started-at="2026-01-08T10:56:18Z" name="Default suite" finished-at="2026-01-08T10:59:00Z" duration-ms="162095">
    <groups>
    </groups>
    <test started-at="2026-01-08T10:56:18Z" name="Default test" finished-at="2026-01-08T10:59:00Z" duration-ms="162095">
      <class name="com.comcast.crm.orgtest.POMCreateOrganizationTest">
        <test-method is-config="true" signature="configBS()[pri:0, instance:com.comcast.crm.orgtest.POMCreateOrganizationTest@39de3d36]" started-at="2026-01-08T10:56:18Z" name="configBS" finished-at="2026-01-08T10:56:18Z" duration-ms="17" status="PASS">
          <reporter-output>
          </reporter-output>
        </test-method> <!-- configBS -->
        <test-method is-config="true" signature="configBC()[pri:0, instance:com.comcast.crm.orgtest.POMCreateOrganizationTest@39de3d36]" started-at="2026-01-08T10:56:18Z" name="configBC" finished-at="2026-01-08T10:56:20Z" duration-ms="1882" status="PASS">
          <reporter-output>
          </reporter-output>
        </test-method> <!-- configBC -->
        <test-method is-config="true" signature="configBM()[pri:0, instance:com.comcast.crm.orgtest.POMCreateOrganizationTest@39de3d36]" started-at="2026-01-08T10:56:20Z" name="configBM" finished-at="2026-01-08T10:56:20Z" duration-ms="753" status="PASS">
          <reporter-output>
          </reporter-output>
        </test-method> <!-- configBM -->
        <test-method signature="CreateOrgWithIndustry()[pri:0, instance:com.comcast.crm.orgtest.POMCreateOrganizationTest@39de3d36]" started-at="2026-01-08T10:56:20Z" name="CreateOrgWithIndustry" finished-at="2026-01-08T10:58:53Z" duration-ms="152799" status="PASS">
          <reporter-output>
          </reporter-output>
        </test-method> <!-- CreateOrgWithIndustry -->
        <test-method is-config="true" signature="configAM()[pri:0, instance:com.comcast.crm.orgtest.POMCreateOrganizationTest@39de3d36]" started-at="2026-01-08T10:58:54Z" name="configAM" finished-at="2026-01-08T10:58:55Z" duration-ms="1189" status="PASS">
          <reporter-output>
          </reporter-output>
        </test-method> <!-- configAM -->
        <test-method is-config="true" signature="configureAC()[pri:0, instance:com.comcast.crm.orgtest.POMCreateOrganizationTest@39de3d36]" started-at="2026-01-08T10:58:58Z" name="configureAC" finished-at="2026-01-08T10:58:59Z" duration-ms="383" status="PASS">
          <reporter-output>
          </reporter-output>
        </test-method> <!-- configureAC -->
        <test-method is-config="true" signature="configureAS()[pri:0, instance:com.comcast.crm.orgtest.POMCreateOrganizationTest@39de3d36]" started-at="2026-01-08T10:59:01Z" name="configureAS" finished-at="2026-01-08T10:59:01Z" duration-ms="9" status="PASS">
          <reporter-output>
          </reporter-output>
        </test-method> <!-- configureAS -->
      </class> <!-- com.comcast.crm.orgtest.POMCreateOrganizationTest -->
    </test> <!-- Default test -->
  </suite> <!-- Default suite -->
</testng-results>
